Automated update by Senternet Engine - Sun Jun 21 02:29:52 UTC 2026
Automated update by Senternet Engine - Sun Jun 21 02:34:45 UTC 2026
Automated update by Senternet Engine - Sun Jun 21 07:18:14 UTC 2026
Automated update by Senternet Engine - Sun Jun 21 10:49:16 UTC 2026
Automated update by Senternet Engine - Sun Jun 21 13:00:53 UTC 2026
Automated update by Senternet Engine - Sun Jun 21 15:17:15 UTC 2026
Automated update by Senternet Engine - Sun Jun 21 16:55:39 UTC 2026
Automated update by Senternet Engine - Sun Jun 21 18:15:06 UTC 2026
Automated update by Senternet Engine - Sun Jun 21 20:03:34 UTC 2026
Automated update by Senternet Engine - Sun Jun 21 21:43:03 UTC 2026
Automated update by Senternet Engine - Sun Jun 21 22:59:26 UTC 2026
Automated update by Senternet Engine - Mon Jun 22 00:13:22 UTC 2026
Automated update by Senternet Engine - Mon Jun 22 05:31:54 UTC 2026
--------------------------------------------------------
Senternet Engine Heartbeat  :: 2026-06-22 07:29:23
System Status Log           :: ACTIVE [100x Enhanced]
Insight of the Cycle        :: Clean code always looks like it was written by someone who cares. - Michael Feathers
--------------------------------------------------------
--------------------------------------------------------
Senternet Engine Heartbeat  :: 2026-06-22 09:02:37
System Status Log           :: ACTIVE [100x Enhanced]
Insight of the Cycle        :: Software is a great combination between artistry and engineering. - Bill Gates
--------------------------------------------------------
--------------------------------------------------------
Senternet Engine Heartbeat  :: 2026-06-22 13:13:41
System Status Log           :: ACTIVE [100x Enhanced]
Insight of the Cycle        :: Clean code always looks like it was written by someone who cares. - Michael Feathers
--------------------------------------------------------
--------------------------------------------------------
Senternet Engine Heartbeat  :: 2026-06-22 18:03:37
System Status Log           :: ACTIVE [100x Enhanced]
Insight of the Cycle        :: Strive for perfection in everything you build. - Senternet Dev Engine
--------------------------------------------------------
--------------------------------------------------------
Senternet Engine Heartbeat  :: 2026-06-22 21:20:16
System Status Log           :: ACTIVE [100x Enhanced]
Insight of the Cycle        :: Talk is cheap. Show me the code. - Linus Torvalds
--------------------------------------------------------
--------------------------------------------------------
Senternet Engine Heartbeat  :: 2026-06-22 23:01:38
System Status Log           :: ACTIVE [100x Enhanced]
Insight of the Cycle        :: Talk is cheap. Show me the code. - Linus Torvalds
--------------------------------------------------------
